Using pre-set license
Built from '2020.3/staging' branch; Version is '2020.3.17f1 (a4537701e4ab) revision 10769271'; Using compiler version '192528614'; Build Type 'Release'
OS: 'Windows 10 Pro; OS build 19043.1348; Version 2009; 64bit' Language: 'pt' Physical Memory: 16276 MB
BatchMode: 1, IsHumanControllingUs: 0, StartBugReporterOnCrash: 0, Is64bit: 1, IsPro: 0

COMMAND LINE ARGUMENTS:
C:\Program Files\Unity\2020.3.17\Editor\Unity.exe
-adb2
-batchMode
-noUpm
-name
AssetImportWorker0
-projectPath
C:/Users/prate/Documents/GitHub/Surv/Project
-logFile
Logs/AssetImportWorker0.log
-srvPort
49198
Successfully changed project path to: C:/Users/prate/Documents/GitHub/Surv/Project
C:/Users/prate/Documents/GitHub/Surv/Project
Using Asset Import Pipeline V2.
Refreshing native plugins compatible for Editor in 92.22 ms, found 2 plugins.
Preloading 0 native plugins for Editor in 0.00 ms.
Initialize engine version: 2020.3.17f1 (a4537701e4ab)
[Subsystems] Discovering subsystems at path C:/Program Files/Unity/2020.3.17/Editor/Data/Resources/UnitySubsystems
[Subsystems] Discovering subsystems at path C:/Users/prate/Documents/GitHub/Surv/Project/Assets
GfxDevice: creating device client; threaded=0
Direct3D:
    Version:  Direct3D 11.0 [level 11.1]
    Renderer: NVIDIA GeForce GTX 1050 Ti (ID=0x1c82)
    Vendor:   
    VRAM:     4018 MB
    Driver:   30.0.14.9613
Initialize mono
Mono path[0] = 'C:/Program Files/Unity/2020.3.17/Editor/Data/Managed'
Mono path[1] = 'C:/Program Files/Unity/2020.3.17/Editor/Data/MonoBleedingEdge/lib/mono/unityjit'
Mono config path = 'C:/Program Files/Unity/2020.3.17/Editor/Data/MonoBleedingEdge/etc'
Using monoOptions --debugger-agent=transport=dt_socket,embedding=1,server=y,suspend=n,address=127.0.0.1:56472
Begin MonoManager ReloadAssembly
Registering precompiled unity dll's ...
Register platform support module: C:/Program Files/Unity/2020.3.17/Editor/Data/PlaybackEngines/WindowsStandaloneSupport/UnityEditor.WindowsStandalone.Extensions.dll
Registered in 0.002603 seconds.
Native extension for WindowsStandalone target not found
Refreshing native plugins compatible for Editor in 109.67 ms, found 2 plugins.
Preloading 0 native plugins for Editor in 0.00 ms.
Mono: successfully reloaded assembly
- Completed reload, in  1.423 seconds
Domain Reload Profiling:
	ReloadAssembly (1423ms)
		BeginReloadAssembly (69ms)
			ExecutionOrderSort (0ms)
			DisableScriptedObjects (0ms)
			BackupInstance (0ms)
			ReleaseScriptingObjects (0ms)
			CreateAndSetChildDomain (1ms)
		EndReloadAssembly (597ms)
			LoadAssemblies (66ms)
			RebuildTransferFunctionScriptingTraits (0ms)
			SetupTypeCache (179ms)
			ReleaseScriptCaches (0ms)
			RebuildScriptCaches (35ms)
			SetupLoadedEditorAssemblies (294ms)
				LogAssemblyErrors (0ms)
				InitializePlatformSupportModulesInManaged (4ms)
				SetLoadedEditorAssemblies (0ms)
				RefreshPlugins (110ms)
				BeforeProcessingInitializeOnLoad (25ms)
				ProcessInitializeOnLoadAttributes (119ms)
				ProcessInitializeOnLoadMethodAttributes (36ms)
				AfterProcessingInitializeOnLoad (0ms)
				EditorAssembliesLoaded (0ms)
			ExecutionOrderSort2 (0ms)
			AwakeInstancesAfterBackupRestoration (0ms)
Platform modules already initialized, skipping
Registering precompiled user dll's ...
Registered in 0.006746 seconds.
Begin MonoManager ReloadAssembly
Native extension for WindowsStandalone target not found
Refreshing native plugins compatible for Editor in 194.79 ms, found 2 plugins.
Preloading 0 native plugins for Editor in 0.00 ms.
Mono: successfully reloaded assembly
- Completed reload, in  2.272 seconds
Domain Reload Profiling:
	ReloadAssembly (2273ms)
		BeginReloadAssembly (181ms)
			ExecutionOrderSort (0ms)
			DisableScriptedObjects (5ms)
			BackupInstance (0ms)
			ReleaseScriptingObjects (0ms)
			CreateAndSetChildDomain (21ms)
		EndReloadAssembly (2016ms)
			LoadAssemblies (124ms)
			RebuildTransferFunctionScriptingTraits (0ms)
			SetupTypeCache (471ms)
			ReleaseScriptCaches (1ms)
			RebuildScriptCaches (129ms)
			SetupLoadedEditorAssemblies (982ms)
				LogAssemblyErrors (0ms)
				InitializePlatformSupportModulesInManaged (11ms)
				SetLoadedEditorAssemblies (0ms)
				RefreshPlugins (195ms)
				BeforeProcessingInitializeOnLoad (170ms)
				ProcessInitializeOnLoadAttributes (585ms)
				ProcessInitializeOnLoadMethodAttributes (9ms)
				AfterProcessingInitializeOnLoad (12ms)
				EditorAssembliesLoaded (0ms)
			ExecutionOrderSort2 (0ms)
			AwakeInstancesAfterBackupRestoration (11ms)
Platform modules already initialized, skipping
========================================================================
Worker process is ready to serve import requests
Launched and connected shader compiler UnityShaderCompiler.exe after 0.10 seconds
Refreshing native plugins compatible for Editor in 1.00 ms, found 2 plugins.
Preloading 0 native plugins for Editor in 0.00 ms.
Unloading 2916 Unused Serialized files (Serialized files now loaded: 0)
System memory in use before: 222.4 MB.
System memory in use after: 222.5 MB.

Unloading 20 unused Assets to reduce memory usage. Loaded Objects now: 3376.
Total: 5.794000 ms (FindLiveObjects: 0.365800 ms CreateObjectMapping: 0.197500 ms MarkObjects: 5.088900 ms  DeleteObjects: 0.139900 ms)

AssetImportParameters requested are different than current active one (requested -> active):
  custom:framework-win-MediaFoundation: 216162199b28c13a410421893ffa2e32 -> 
  custom:video-decoder-ogg-theora: a1e56fd34408186e4bbccfd4996cb3dc -> 
  custom:container-muxer-webm: aa71ff27fc2769a1b78a27578f13a17b -> 
  custom:container-demuxer-webm: 4f35f7cbe854078d1ac9338744f61a02 -> 
  custom:container-demuxer-ogg: 62fdf1f143b41e24485cea50d1cbac27 -> 
  custom:video-encoder-webm-vp8: eb34c28f22e8b96e1ab97ce403110664 -> 
  custom:video-decoder-webm-vp8: 9c59270c3fd7afecdb556c50c9e8de78 -> 
  custom:audio-decoder-ogg-vorbis: bf7c407c2cedff20999df2af8eb42d56 -> 
  custom:audio-encoder-webm-vorbis: bf7c407c2cedff20999df2af8eb42d56 -> 
========================================================================
Received Import Request.
  path: Assets/Prefabs/GUI/InventorySlot.prefab
  artifactKey: Guid(74f00227f0a35cf4581d6b03e94104ee) Importer(815301076,1909f56bfc062723c751e8b465ee728b)
Start importing Assets/Prefabs/GUI/InventorySlot.prefab using Guid(74f00227f0a35cf4581d6b03e94104ee) Importer(815301076,1909f56bfc062723c751e8b465ee728b)  -> (artifact id: '86a020242bbc8be94778f72551d13b98') in 0.255446 seconds 
  Import took 0.264426 seconds .

========================================================================
Received Import Request.
  Time since last request: 7.541564 seconds.
  path: ProjectSettings/TagManager.asset
  artifactKey: Guid(00000000000000003000000000000000) Importer(815301076,1909f56bfc062723c751e8b465ee728b)
Start importing ProjectSettings/TagManager.asset using Guid(00000000000000003000000000000000) Importer(815301076,1909f56bfc062723c751e8b465ee728b)  -> (artifact id: '704806d460a84b307441524516b7b3a6') in 0.007430 seconds 
  Import took 0.016411 seconds .

========================================================================
Received Import Request.
  Time since last request: 0.005963 seconds.
  path: ProjectSettings/TagManager.asset
  artifactKey: Guid(00000000000000003000000000000000) Importer(815301076,1909f56bfc062723c751e8b465ee728b)
Start importing ProjectSettings/TagManager.asset using Guid(00000000000000003000000000000000) Importer(815301076,1909f56bfc062723c751e8b465ee728b)  -> (artifact id: '704806d460a84b307441524516b7b3a6') in 0.003547 seconds 
  Import took 0.010771 seconds .

========================================================================
Received Prepare
Refreshing native plugins compatible for Editor in 4.44 ms, found 2 plugins.
Preloading 0 native plugins for Editor in 0.00 ms.
Unloading 12 Unused Serialized files (Serialized files now loaded: 0)
System memory in use before: 159.6 MB.
System memory in use after: 159.8 MB.

Unloading 14 unused Assets to reduce memory usage. Loaded Objects now: 3376.
Total: 5.140400 ms (FindLiveObjects: 0.328100 ms CreateObjectMapping: 0.179700 ms MarkObjects: 4.610500 ms  DeleteObjects: 0.021100 ms)

AssetImportParameters requested are different than current active one (requested -> active):
  custom:framework-win-MediaFoundation: 216162199b28c13a410421893ffa2e32 -> 
  custom:video-decoder-ogg-theora: a1e56fd34408186e4bbccfd4996cb3dc -> 
  custom:container-muxer-webm: aa71ff27fc2769a1b78a27578f13a17b -> 
  custom:container-demuxer-webm: 4f35f7cbe854078d1ac9338744f61a02 -> 
  custom:container-demuxer-ogg: 62fdf1f143b41e24485cea50d1cbac27 -> 
  custom:video-encoder-webm-vp8: eb34c28f22e8b96e1ab97ce403110664 -> 
  custom:video-decoder-webm-vp8: 9c59270c3fd7afecdb556c50c9e8de78 -> 
  custom:audio-decoder-ogg-vorbis: bf7c407c2cedff20999df2af8eb42d56 -> 
  custom:audio-encoder-webm-vorbis: bf7c407c2cedff20999df2af8eb42d56 -> 
========================================================================
Received Import Request.
  Time since last request: 33.731260 seconds.
  path: Assets/Prefabs/GUI/InventorySlot.prefab
  artifactKey: Guid(74f00227f0a35cf4581d6b03e94104ee) Importer(815301076,1909f56bfc062723c751e8b465ee728b)
Start importing Assets/Prefabs/GUI/InventorySlot.prefab using Guid(74f00227f0a35cf4581d6b03e94104ee) Importer(815301076,1909f56bfc062723c751e8b465ee728b)  -> (artifact id: '875ca8cb1faf6539fe703fd91a65722a') in 0.070945 seconds 
  Import took 0.077742 seconds .

========================================================================
Received Prepare
Registering precompiled user dll's ...
Registered in 0.006092 seconds.
Begin MonoManager ReloadAssembly
Native extension for WindowsStandalone target not found
Refreshing native plugins compatible for Editor in 0.87 ms, found 2 plugins.
Preloading 0 native plugins for Editor in 0.00 ms.
Mono: successfully reloaded assembly
- Completed reload, in  1.380 seconds
Domain Reload Profiling:
	ReloadAssembly (1381ms)
		BeginReloadAssembly (166ms)
			ExecutionOrderSort (0ms)
			DisableScriptedObjects (8ms)
			BackupInstance (0ms)
			ReleaseScriptingObjects (0ms)
			CreateAndSetChildDomain (58ms)
		EndReloadAssembly (1137ms)
			LoadAssemblies (122ms)
			RebuildTransferFunctionScriptingTraits (0ms)
			SetupTypeCache (387ms)
			ReleaseScriptCaches (1ms)
			RebuildScriptCaches (51ms)
			SetupLoadedEditorAssemblies (449ms)
				LogAssemblyErrors (0ms)
				InitializePlatformSupportModulesInManaged (5ms)
				SetLoadedEditorAssemblies (0ms)
				RefreshPlugins (1ms)
				BeforeProcessingInitializeOnLoad (102ms)
				ProcessInitializeOnLoadAttributes (329ms)
				ProcessInitializeOnLoadMethodAttributes (5ms)
				AfterProcessingInitializeOnLoad (7ms)
				EditorAssembliesLoaded (0ms)
			ExecutionOrderSort2 (0ms)
			AwakeInstancesAfterBackupRestoration (17ms)
Platform modules already initialized, skipping
Refreshing native plugins compatible for Editor in 0.72 ms, found 2 plugins.
Preloading 0 native plugins for Editor in 0.00 ms.
Unloading 2789 Unused Serialized files (Serialized files now loaded: 0)
System memory in use before: 213.5 MB.
System memory in use after: 213.8 MB.

Unloading 15 unused Assets to reduce memory usage. Loaded Objects now: 3378.
Total: 3.470200 ms (FindLiveObjects: 0.284300 ms CreateObjectMapping: 0.149100 ms MarkObjects: 3.017300 ms  DeleteObjects: 0.018300 ms)

AssetImportParameters requested are different than current active one (requested -> active):
  custom:framework-win-MediaFoundation: 216162199b28c13a410421893ffa2e32 -> 
  custom:video-decoder-ogg-theora: a1e56fd34408186e4bbccfd4996cb3dc -> 
  custom:container-muxer-webm: aa71ff27fc2769a1b78a27578f13a17b -> 
  custom:container-demuxer-webm: 4f35f7cbe854078d1ac9338744f61a02 -> 
  custom:container-demuxer-ogg: 62fdf1f143b41e24485cea50d1cbac27 -> 
  custom:video-encoder-webm-vp8: eb34c28f22e8b96e1ab97ce403110664 -> 
  custom:video-decoder-webm-vp8: 9c59270c3fd7afecdb556c50c9e8de78 -> 
  custom:audio-decoder-ogg-vorbis: bf7c407c2cedff20999df2af8eb42d56 -> 
  custom:audio-encoder-webm-vorbis: bf7c407c2cedff20999df2af8eb42d56 -> 
========================================================================
Received Import Request.
  Time since last request: 18.129811 seconds.
  path: Assets/Prefabs/GUI/InventorySlot.prefab
  artifactKey: Guid(74f00227f0a35cf4581d6b03e94104ee) Importer(815301076,1909f56bfc062723c751e8b465ee728b)
Start importing Assets/Prefabs/GUI/InventorySlot.prefab using Guid(74f00227f0a35cf4581d6b03e94104ee) Importer(815301076,1909f56bfc062723c751e8b465ee728b)  -> (artifact id: '92d4681a2f0a8faacf45e9cb0481d011') in 0.142754 seconds 
  Import took 0.150194 seconds .

========================================================================
Received Prepare
Registering precompiled user dll's ...
Registered in 0.007295 seconds.
Begin MonoManager ReloadAssembly
Native extension for WindowsStandalone target not found
Refreshing native plugins compatible for Editor in 0.69 ms, found 2 plugins.
Preloading 0 native plugins for Editor in 0.00 ms.
Mono: successfully reloaded assembly
- Completed reload, in  1.465 seconds
Domain Reload Profiling:
	ReloadAssembly (1466ms)
		BeginReloadAssembly (137ms)
			ExecutionOrderSort (0ms)
			DisableScriptedObjects (6ms)
			BackupInstance (0ms)
			ReleaseScriptingObjects (0ms)
			CreateAndSetChildDomain (43ms)
		EndReloadAssembly (1248ms)
			LoadAssemblies (122ms)
			RebuildTransferFunctionScriptingTraits (0ms)
			SetupTypeCache (400ms)
			ReleaseScriptCaches (1ms)
			RebuildScriptCaches (61ms)
			SetupLoadedEditorAssemblies (496ms)
				LogAssemblyErrors (0ms)
				InitializePlatformSupportModulesInManaged (5ms)
				SetLoadedEditorAssemblies (0ms)
				RefreshPlugins (1ms)
				BeforeProcessingInitializeOnLoad (113ms)
				ProcessInitializeOnLoadAttributes (362ms)
				ProcessInitializeOnLoadMethodAttributes (4ms)
				AfterProcessingInitializeOnLoad (9ms)
				EditorAssembliesLoaded (0ms)
			ExecutionOrderSort2 (0ms)
			AwakeInstancesAfterBackupRestoration (19ms)
Platform modules already initialized, skipping
Refreshing native plugins compatible for Editor in 0.79 ms, found 2 plugins.
Preloading 0 native plugins for Editor in 0.00 ms.
Unloading 2789 Unused Serialized files (Serialized files now loaded: 0)
System memory in use before: 213.6 MB.
System memory in use after: 213.8 MB.

Unloading 15 unused Assets to reduce memory usage. Loaded Objects now: 3380.
Total: 4.079900 ms (FindLiveObjects: 0.316700 ms CreateObjectMapping: 0.154200 ms MarkObjects: 3.587600 ms  DeleteObjects: 0.020100 ms)

AssetImportParameters requested are different than current active one (requested -> active):
  custom:framework-win-MediaFoundation: 216162199b28c13a410421893ffa2e32 -> 
  custom:video-decoder-ogg-theora: a1e56fd34408186e4bbccfd4996cb3dc -> 
  custom:container-muxer-webm: aa71ff27fc2769a1b78a27578f13a17b -> 
  custom:container-demuxer-webm: 4f35f7cbe854078d1ac9338744f61a02 -> 
  custom:container-demuxer-ogg: 62fdf1f143b41e24485cea50d1cbac27 -> 
  custom:video-encoder-webm-vp8: eb34c28f22e8b96e1ab97ce403110664 -> 
  custom:video-decoder-webm-vp8: 9c59270c3fd7afecdb556c50c9e8de78 -> 
  custom:audio-decoder-ogg-vorbis: bf7c407c2cedff20999df2af8eb42d56 -> 
  custom:audio-encoder-webm-vorbis: bf7c407c2cedff20999df2af8eb42d56 -> 
========================================================================
Received Import Request.
  Time since last request: 19.139665 seconds.
  path: Assets/Prefabs/GUI/InventorySlot.prefab
  artifactKey: Guid(74f00227f0a35cf4581d6b03e94104ee) Importer(815301076,1909f56bfc062723c751e8b465ee728b)
Start importing Assets/Prefabs/GUI/InventorySlot.prefab using Guid(74f00227f0a35cf4581d6b03e94104ee) Importer(815301076,1909f56bfc062723c751e8b465ee728b)  -> (artifact id: '3c3178a43ccd8a1b7b8dcafec6741c18') in 0.125009 seconds 
  Import took 0.131703 seconds .

========================================================================
Received Import Request.
  Time since last request: 2.527945 seconds.
  path: Assets/Prefabs/GUI/InventorySlot.prefab
  artifactKey: Guid(74f00227f0a35cf4581d6b03e94104ee) Importer(815301076,1909f56bfc062723c751e8b465ee728b)
Start importing Assets/Prefabs/GUI/InventorySlot.prefab using Guid(74f00227f0a35cf4581d6b03e94104ee) Importer(815301076,1909f56bfc062723c751e8b465ee728b)  -> (artifact id: '0730aacbd8c92b49dd58a84734f2af34') in 0.052656 seconds 
  Import took 0.060607 seconds .

========================================================================
Received Import Request.
  Time since last request: 5.408406 seconds.
  path: Assets/Prefabs/GUI/InventorySlot.prefab
  artifactKey: Guid(74f00227f0a35cf4581d6b03e94104ee) Importer(815301076,1909f56bfc062723c751e8b465ee728b)
Start importing Assets/Prefabs/GUI/InventorySlot.prefab using Guid(74f00227f0a35cf4581d6b03e94104ee) Importer(815301076,1909f56bfc062723c751e8b465ee728b)  -> (artifact id: '4f790ed6d34c40f530a76b1979a8b092') in 0.050883 seconds 
  Import took 0.059125 seconds .

========================================================================
Received Import Request.
  Time since last request: 5.366264 seconds.
  path: Assets/Prefabs/GUI/InventorySlot.prefab
  artifactKey: Guid(74f00227f0a35cf4581d6b03e94104ee) Importer(815301076,1909f56bfc062723c751e8b465ee728b)
Start importing Assets/Prefabs/GUI/InventorySlot.prefab using Guid(74f00227f0a35cf4581d6b03e94104ee) Importer(815301076,1909f56bfc062723c751e8b465ee728b)  -> (artifact id: '78345218c9672ee92cc4204b023b43c0') in 0.044477 seconds 
  Import took 0.050122 seconds .

========================================================================
Received Import Request.
  Time since last request: 0.768216 seconds.
  path: Assets/Prefabs/GUI/InventorySlot.prefab
  artifactKey: Guid(74f00227f0a35cf4581d6b03e94104ee) Importer(815301076,1909f56bfc062723c751e8b465ee728b)
Start importing Assets/Prefabs/GUI/InventorySlot.prefab using Guid(74f00227f0a35cf4581d6b03e94104ee) Importer(815301076,1909f56bfc062723c751e8b465ee728b)  -> (artifact id: '5322bf72204bbfe05f0dd6849be8443e') in 0.049565 seconds 
  Import took 0.057620 seconds .

========================================================================
Received Import Request.
  Time since last request: 13.751833 seconds.
  path: Assets/Prefabs/GUI/InventorySlot.prefab
  artifactKey: Guid(74f00227f0a35cf4581d6b03e94104ee) Importer(815301076,1909f56bfc062723c751e8b465ee728b)
Start importing Assets/Prefabs/GUI/InventorySlot.prefab using Guid(74f00227f0a35cf4581d6b03e94104ee) Importer(815301076,1909f56bfc062723c751e8b465ee728b)  -> (artifact id: 'e7b5005c64acb125e0aeba8b87bb5e92') in 0.046302 seconds 
  Import took 0.056193 seconds .

========================================================================
Received Import Request.
  Time since last request: 3.166732 seconds.
  path: Assets/Prefabs/GUI/InventorySlot.prefab
  artifactKey: Guid(74f00227f0a35cf4581d6b03e94104ee) Importer(815301076,1909f56bfc062723c751e8b465ee728b)
Start importing Assets/Prefabs/GUI/InventorySlot.prefab using Guid(74f00227f0a35cf4581d6b03e94104ee) Importer(815301076,1909f56bfc062723c751e8b465ee728b)  -> (artifact id: '64cb4ef9e03a86899106c284bdf29a51') in 0.048292 seconds 
  Import took 0.056588 seconds .

========================================================================
Received Import Request.
  Time since last request: 3.956018 seconds.
  path: Assets/Prefabs/GUI/InventorySlot.prefab
  artifactKey: Guid(74f00227f0a35cf4581d6b03e94104ee) Importer(815301076,1909f56bfc062723c751e8b465ee728b)
Start importing Assets/Prefabs/GUI/InventorySlot.prefab using Guid(74f00227f0a35cf4581d6b03e94104ee) Importer(815301076,1909f56bfc062723c751e8b465ee728b)  -> (artifact id: '6d0b49a2f5e036ff19e7b8af1c44e6de') in 0.062036 seconds 
  Import took 0.070476 seconds .

========================================================================
Received Import Request.
  Time since last request: 12.204720 seconds.
  path: Assets/Prefabs/GUI/InventorySlot.prefab
  artifactKey: Guid(74f00227f0a35cf4581d6b03e94104ee) Importer(815301076,1909f56bfc062723c751e8b465ee728b)
Start importing Assets/Prefabs/GUI/InventorySlot.prefab using Guid(74f00227f0a35cf4581d6b03e94104ee) Importer(815301076,1909f56bfc062723c751e8b465ee728b)  -> (artifact id: 'e4abc7c5bedc63d8bd9c90e60068e816') in 0.073874 seconds 
  Import took 0.080602 seconds .

========================================================================
Received Import Request.
  Time since last request: 4.149148 seconds.
  path: Assets/Prefabs/GUI/InventorySlot.prefab
  artifactKey: Guid(74f00227f0a35cf4581d6b03e94104ee) Importer(815301076,1909f56bfc062723c751e8b465ee728b)
Start importing Assets/Prefabs/GUI/InventorySlot.prefab using Guid(74f00227f0a35cf4581d6b03e94104ee) Importer(815301076,1909f56bfc062723c751e8b465ee728b)  -> (artifact id: '551d40f4df55638ec5641dc0fc2f93f9') in 0.049628 seconds 
  Import took 0.057062 seconds .

========================================================================
Received Import Request.
  Time since last request: 1.893587 seconds.
  path: Assets/Prefabs/GUI/InventorySlot.prefab
  artifactKey: Guid(74f00227f0a35cf4581d6b03e94104ee) Importer(815301076,1909f56bfc062723c751e8b465ee728b)
Start importing Assets/Prefabs/GUI/InventorySlot.prefab using Guid(74f00227f0a35cf4581d6b03e94104ee) Importer(815301076,1909f56bfc062723c751e8b465ee728b)  -> (artifact id: 'a989184be359af04663af229e62331cb') in 0.044481 seconds 
  Import took 0.050817 seconds .

========================================================================
Received Import Request.
  Time since last request: 3.391708 seconds.
  path: Assets/Prefabs/GUI/InventorySlot.prefab
  artifactKey: Guid(74f00227f0a35cf4581d6b03e94104ee) Importer(815301076,1909f56bfc062723c751e8b465ee728b)
Start importing Assets/Prefabs/GUI/InventorySlot.prefab using Guid(74f00227f0a35cf4581d6b03e94104ee) Importer(815301076,1909f56bfc062723c751e8b465ee728b)  -> (artifact id: '773df19ecf415a9b34023073c032973b') in 0.048870 seconds 
  Import took 0.057922 seconds .

========================================================================
Received Import Request.
  Time since last request: 2.392790 seconds.
  path: Assets/Prefabs/GUI/InventorySlot.prefab
  artifactKey: Guid(74f00227f0a35cf4581d6b03e94104ee) Importer(815301076,1909f56bfc062723c751e8b465ee728b)
Start importing Assets/Prefabs/GUI/InventorySlot.prefab using Guid(74f00227f0a35cf4581d6b03e94104ee) Importer(815301076,1909f56bfc062723c751e8b465ee728b)  -> (artifact id: 'c5a348324aada95b1c01f2c5d79e82af') in 0.049524 seconds 
  Import took 0.057137 seconds .

========================================================================
Received Prepare
Registering precompiled user dll's ...
Registered in 0.006823 seconds.
Begin MonoManager ReloadAssembly
Native extension for WindowsStandalone target not found
Refreshing native plugins compatible for Editor in 0.83 ms, found 2 plugins.
Preloading 0 native plugins for Editor in 0.00 ms.
Mono: successfully reloaded assembly
- Completed reload, in  1.489 seconds
Domain Reload Profiling:
	ReloadAssembly (1490ms)
		BeginReloadAssembly (147ms)
			ExecutionOrderSort (0ms)
			DisableScriptedObjects (7ms)
			BackupInstance (0ms)
			ReleaseScriptingObjects (0ms)
			CreateAndSetChildDomain (45ms)
		EndReloadAssembly (1250ms)
			LoadAssemblies (115ms)
			RebuildTransferFunctionScriptingTraits (0ms)
			SetupTypeCache (451ms)
			ReleaseScriptCaches (1ms)
			RebuildScriptCaches (53ms)
			SetupLoadedEditorAssemblies (481ms)
				LogAssemblyErrors (0ms)
				InitializePlatformSupportModulesInManaged (5ms)
				SetLoadedEditorAssemblies (0ms)
				RefreshPlugins (1ms)
				BeforeProcessingInitializeOnLoad (107ms)
				ProcessInitializeOnLoadAttributes (356ms)
				ProcessInitializeOnLoadMethodAttributes (4ms)
				AfterProcessingInitializeOnLoad (8ms)
				EditorAssembliesLoaded (0ms)
			ExecutionOrderSort2 (0ms)
			AwakeInstancesAfterBackupRestoration (17ms)
Platform modules already initialized, skipping
Refreshing native plugins compatible for Editor in 0.73 ms, found 2 plugins.
Preloading 0 native plugins for Editor in 0.00 ms.
Unloading 2789 Unused Serialized files (Serialized files now loaded: 0)
System memory in use before: 213.7 MB.
System memory in use after: 213.9 MB.

Unloading 15 unused Assets to reduce memory usage. Loaded Objects now: 3382.
Total: 3.836800 ms (FindLiveObjects: 0.262600 ms CreateObjectMapping: 0.132900 ms MarkObjects: 3.420000 ms  DeleteObjects: 0.019800 ms)

AssetImportParameters requested are different than current active one (requested -> active):
  custom:framework-win-MediaFoundation: 216162199b28c13a410421893ffa2e32 -> 
  custom:video-decoder-ogg-theora: a1e56fd34408186e4bbccfd4996cb3dc -> 
  custom:container-muxer-webm: aa71ff27fc2769a1b78a27578f13a17b -> 
  custom:container-demuxer-webm: 4f35f7cbe854078d1ac9338744f61a02 -> 
  custom:container-demuxer-ogg: 62fdf1f143b41e24485cea50d1cbac27 -> 
  custom:video-encoder-webm-vp8: eb34c28f22e8b96e1ab97ce403110664 -> 
  custom:video-decoder-webm-vp8: 9c59270c3fd7afecdb556c50c9e8de78 -> 
  custom:audio-decoder-ogg-vorbis: bf7c407c2cedff20999df2af8eb42d56 -> 
  custom:audio-encoder-webm-vorbis: bf7c407c2cedff20999df2af8eb42d56 -> 
========================================================================
Received Import Request.
  Time since last request: 23.342094 seconds.
  path: Assets/Prefabs/GUI/ChestSlot.prefab
  artifactKey: Guid(90ed553f720bd5348abfd845e64dec93) Importer(815301076,1909f56bfc062723c751e8b465ee728b)
Start importing Assets/Prefabs/GUI/ChestSlot.prefab using Guid(90ed553f720bd5348abfd845e64dec93) Importer(815301076,1909f56bfc062723c751e8b465ee728b)  -> (artifact id: '001928c3b6d6e28f6a9af695bd3eeabe') in 0.141570 seconds 
  Import took 0.149133 seconds .

========================================================================
Received Import Request.
  Time since last request: 3.171435 seconds.
  path: Assets/Prefabs/GUI/ChestSlot.prefab
  artifactKey: Guid(90ed553f720bd5348abfd845e64dec93) Importer(815301076,1909f56bfc062723c751e8b465ee728b)
Start importing Assets/Prefabs/GUI/ChestSlot.prefab using Guid(90ed553f720bd5348abfd845e64dec93) Importer(815301076,1909f56bfc062723c751e8b465ee728b)  -> (artifact id: 'a38c36214c7d89b2a368af62f3889601') in 0.056331 seconds 
  Import took 0.066194 seconds .

========================================================================
Received Import Request.
  Time since last request: 3.759522 seconds.
  path: Assets/Prefabs/GUI/ChestSlot.prefab
  artifactKey: Guid(90ed553f720bd5348abfd845e64dec93) Importer(815301076,1909f56bfc062723c751e8b465ee728b)
Start importing Assets/Prefabs/GUI/ChestSlot.prefab using Guid(90ed553f720bd5348abfd845e64dec93) Importer(815301076,1909f56bfc062723c751e8b465ee728b)  -> (artifact id: 'b8475658b7cd7b21512e2dcb35e1c982') in 0.042265 seconds 
  Import took 0.048303 seconds .

========================================================================
Received Import Request.
  Time since last request: 4.385942 seconds.
  path: Assets/Prefabs/GUI/ChestSlot.prefab
  artifactKey: Guid(90ed553f720bd5348abfd845e64dec93) Importer(815301076,1909f56bfc062723c751e8b465ee728b)
Start importing Assets/Prefabs/GUI/ChestSlot.prefab using Guid(90ed553f720bd5348abfd845e64dec93) Importer(815301076,1909f56bfc062723c751e8b465ee728b)  -> (artifact id: 'ec246e010a1d4b28ac6f5d44e67ec051') in 0.051213 seconds 
  Import took 0.059449 seconds .

========================================================================
Received Import Request.
  Time since last request: 0.547155 seconds.
  path: Assets/Prefabs/GUI/ChestSlot.prefab
  artifactKey: Guid(90ed553f720bd5348abfd845e64dec93) Importer(815301076,1909f56bfc062723c751e8b465ee728b)
Start importing Assets/Prefabs/GUI/ChestSlot.prefab using Guid(90ed553f720bd5348abfd845e64dec93) Importer(815301076,1909f56bfc062723c751e8b465ee728b)  -> (artifact id: '7dadb12e28ef00414b6397b4aa10a774') in 0.046071 seconds 
  Import took 0.052234 seconds .

========================================================================
Received Import Request.
  Time since last request: 6.018323 seconds.
  path: Assets/Prefabs/GUI/ChestSlot.prefab
  artifactKey: Guid(90ed553f720bd5348abfd845e64dec93) Importer(815301076,1909f56bfc062723c751e8b465ee728b)
Start importing Assets/Prefabs/GUI/ChestSlot.prefab using Guid(90ed553f720bd5348abfd845e64dec93) Importer(815301076,1909f56bfc062723c751e8b465ee728b)  -> (artifact id: 'a6b713747a700d30933b7b6e28798a8a') in 0.046386 seconds 
  Import took 0.052647 seconds .

========================================================================
Received Import Request.
  Time since last request: 8.826604 seconds.
  path: Assets/Prefabs/GUI/ChestSlot.prefab
  artifactKey: Guid(90ed553f720bd5348abfd845e64dec93) Importer(815301076,1909f56bfc062723c751e8b465ee728b)
Start importing Assets/Prefabs/GUI/ChestSlot.prefab using Guid(90ed553f720bd5348abfd845e64dec93) Importer(815301076,1909f56bfc062723c751e8b465ee728b)  -> (artifact id: 'b1ab04de617eaefbb8487c40adbd8640') in 0.059166 seconds 
  Import took 0.067417 seconds .

========================================================================
Received Import Request.
  Time since last request: 5.807592 seconds.
  path: Assets/Prefabs/GUI/InventorySlot.prefab
  artifactKey: Guid(74f00227f0a35cf4581d6b03e94104ee) Importer(815301076,1909f56bfc062723c751e8b465ee728b)
Start importing Assets/Prefabs/GUI/InventorySlot.prefab using Guid(74f00227f0a35cf4581d6b03e94104ee) Importer(815301076,1909f56bfc062723c751e8b465ee728b)  -> (artifact id: '6f747ecbbedc741f8abd7c385a3714e2') in 0.056679 seconds 
  Import took 0.064395 seconds .

========================================================================
Received Import Request.
  Time since last request: 1.341234 seconds.
  path: Assets/Prefabs/GUI/InventorySlot.prefab
  artifactKey: Guid(74f00227f0a35cf4581d6b03e94104ee) Importer(815301076,1909f56bfc062723c751e8b465ee728b)
Start importing Assets/Prefabs/GUI/InventorySlot.prefab using Guid(74f00227f0a35cf4581d6b03e94104ee) Importer(815301076,1909f56bfc062723c751e8b465ee728b)  -> (artifact id: '6c32f8c17793e7ff6b8253f9d9badfb3') in 0.050400 seconds 
  Import took 0.059693 seconds .

========================================================================
Received Prepare
Registering precompiled user dll's ...
Registered in 0.006385 seconds.
Begin MonoManager ReloadAssembly
Native extension for WindowsStandalone target not found
Refreshing native plugins compatible for Editor in 3.56 ms, found 2 plugins.
Preloading 0 native plugins for Editor in 0.00 ms.
Mono: successfully reloaded assembly
- Completed reload, in  1.665 seconds
Domain Reload Profiling:
	ReloadAssembly (1666ms)
		BeginReloadAssembly (156ms)
			ExecutionOrderSort (0ms)
			DisableScriptedObjects (6ms)
			BackupInstance (0ms)
			ReleaseScriptingObjects (0ms)
			CreateAndSetChildDomain (45ms)
		EndReloadAssembly (1416ms)
			LoadAssemblies (133ms)
			RebuildTransferFunctionScriptingTraits (0ms)
			SetupTypeCache (392ms)
			ReleaseScriptCaches (1ms)
			RebuildScriptCaches (51ms)
			SetupLoadedEditorAssemblies (683ms)
				LogAssemblyErrors (0ms)
				InitializePlatformSupportModulesInManaged (7ms)
				SetLoadedEditorAssemblies (4ms)
				RefreshPlugins (4ms)
				BeforeProcessingInitializeOnLoad (133ms)
				ProcessInitializeOnLoadAttributes (520ms)
				ProcessInitializeOnLoadMethodAttributes (5ms)
				AfterProcessingInitializeOnLoad (9ms)
				EditorAssembliesLoaded (0ms)
			ExecutionOrderSort2 (0ms)
			AwakeInstancesAfterBackupRestoration (26ms)
Platform modules already initialized, skipping
Refreshing native plugins compatible for Editor in 0.72 ms, found 2 plugins.
Preloading 0 native plugins for Editor in 0.00 ms.
Unloading 2789 Unused Serialized files (Serialized files now loaded: 0)
System memory in use before: 213.7 MB.
System memory in use after: 214.0 MB.

Unloading 15 unused Assets to reduce memory usage. Loaded Objects now: 3384.
Total: 3.666900 ms (FindLiveObjects: 0.272500 ms CreateObjectMapping: 0.135700 ms MarkObjects: 3.237900 ms  DeleteObjects: 0.019600 ms)

AssetImportParameters requested are different than current active one (requested -> active):
  custom:framework-win-MediaFoundation: 216162199b28c13a410421893ffa2e32 -> 
  custom:video-decoder-ogg-theora: a1e56fd34408186e4bbccfd4996cb3dc -> 
  custom:container-muxer-webm: aa71ff27fc2769a1b78a27578f13a17b -> 
  custom:container-demuxer-webm: 4f35f7cbe854078d1ac9338744f61a02 -> 
  custom:container-demuxer-ogg: 62fdf1f143b41e24485cea50d1cbac27 -> 
  custom:video-encoder-webm-vp8: eb34c28f22e8b96e1ab97ce403110664 -> 
  custom:video-decoder-webm-vp8: 9c59270c3fd7afecdb556c50c9e8de78 -> 
  custom:audio-decoder-ogg-vorbis: bf7c407c2cedff20999df2af8eb42d56 -> 
  custom:audio-encoder-webm-vorbis: bf7c407c2cedff20999df2af8eb42d56 -> 
========================================================================
Received Import Request.
  Time since last request: 26.420327 seconds.
  path: Assets/Prefabs/GUI/ChestSlot.prefab
  artifactKey: Guid(90ed553f720bd5348abfd845e64dec93) Importer(815301076,1909f56bfc062723c751e8b465ee728b)
Start importing Assets/Prefabs/GUI/ChestSlot.prefab using Guid(90ed553f720bd5348abfd845e64dec93) Importer(815301076,1909f56bfc062723c751e8b465ee728b)  -> (artifact id: 'ccb22d894fb399e615b1f16ccd8f5b36') in 0.134690 seconds 
  Import took 0.142681 seconds .

========================================================================
Received Import Request.
  Time since last request: 2.209504 seconds.
  path: Assets/Prefabs/GUI/ChestSlot.prefab
  artifactKey: Guid(90ed553f720bd5348abfd845e64dec93) Importer(815301076,1909f56bfc062723c751e8b465ee728b)
Start importing Assets/Prefabs/GUI/ChestSlot.prefab using Guid(90ed553f720bd5348abfd845e64dec93) Importer(815301076,1909f56bfc062723c751e8b465ee728b)  -> (artifact id: '0b94fa368ceb8b87e1fcff0ca86cace5') in 0.047303 seconds 
  Import took 0.055351 seconds .

========================================================================
Received Import Request.
  Time since last request: 5.711327 seconds.
  path: Assets/Prefabs/GUI/ChestSlot.prefab
  artifactKey: Guid(90ed553f720bd5348abfd845e64dec93) Importer(815301076,1909f56bfc062723c751e8b465ee728b)
Start importing Assets/Prefabs/GUI/ChestSlot.prefab using Guid(90ed553f720bd5348abfd845e64dec93) Importer(815301076,1909f56bfc062723c751e8b465ee728b)  -> (artifact id: '2a6cfd8c873dd7c3cc79f95cbf54ddac') in 0.044263 seconds 
  Import took 0.053912 seconds .

========================================================================
Received Import Request.
  Time since last request: 0.745588 seconds.
  path: Assets/Prefabs/GUI/ChestSlot.prefab
  artifactKey: Guid(90ed553f720bd5348abfd845e64dec93) Importer(815301076,1909f56bfc062723c751e8b465ee728b)
Start importing Assets/Prefabs/GUI/ChestSlot.prefab using Guid(90ed553f720bd5348abfd845e64dec93) Importer(815301076,1909f56bfc062723c751e8b465ee728b)  -> (artifact id: '726aaf3d519800dc384fada16c7350e1') in 0.044663 seconds 
  Import took 0.053554 seconds .

========================================================================
Received Import Request.
  Time since last request: 15.839358 seconds.
  path: Assets/Prefabs/GUI/ChestSlot.prefab
  artifactKey: Guid(90ed553f720bd5348abfd845e64dec93) Importer(815301076,1909f56bfc062723c751e8b465ee728b)
Start importing Assets/Prefabs/GUI/ChestSlot.prefab using Guid(90ed553f720bd5348abfd845e64dec93) Importer(815301076,1909f56bfc062723c751e8b465ee728b)  -> (artifact id: '7ded03767e35fa87d833648c72e6696d') in 0.071580 seconds 
  Import took 0.080519 seconds .

========================================================================
Received Prepare
Registering precompiled user dll's ...
Registered in 0.005688 seconds.
Begin MonoManager ReloadAssembly
Native extension for WindowsStandalone target not found
Refreshing native plugins compatible for Editor in 0.69 ms, found 2 plugins.
Preloading 0 native plugins for Editor in 0.00 ms.
Mono: successfully reloaded assembly
- Completed reload, in  1.318 seconds
Domain Reload Profiling:
	ReloadAssembly (1319ms)
		BeginReloadAssembly (140ms)
			ExecutionOrderSort (0ms)
			DisableScriptedObjects (7ms)
			BackupInstance (0ms)
			ReleaseScriptingObjects (0ms)
			CreateAndSetChildDomain (39ms)
		EndReloadAssembly (1100ms)
			LoadAssemblies (125ms)
			RebuildTransferFunctionScriptingTraits (0ms)
			SetupTypeCache (358ms)
			ReleaseScriptCaches (1ms)
			RebuildScriptCaches (51ms)
			SetupLoadedEditorAssemblies (443ms)
				LogAssemblyErrors (0ms)
				InitializePlatformSupportModulesInManaged (5ms)
				SetLoadedEditorAssemblies (0ms)
				RefreshPlugins (1ms)
				BeforeProcessingInitializeOnLoad (101ms)
				ProcessInitializeOnLoadAttributes (324ms)
				ProcessInitializeOnLoadMethodAttributes (5ms)
				AfterProcessingInitializeOnLoad (7ms)
				EditorAssembliesLoaded (0ms)
			ExecutionOrderSort2 (0ms)
			AwakeInstancesAfterBackupRestoration (17ms)
Platform modules already initialized, skipping
Refreshing native plugins compatible for Editor in 0.75 ms, found 2 plugins.
Preloading 0 native plugins for Editor in 0.00 ms.
Unloading 2789 Unused Serialized files (Serialized files now loaded: 0)
System memory in use before: 213.8 MB.
System memory in use after: 214.0 MB.

Unloading 15 unused Assets to reduce memory usage. Loaded Objects now: 3386.
Total: 3.753100 ms (FindLiveObjects: 0.270200 ms CreateObjectMapping: 0.147300 ms MarkObjects: 3.312800 ms  DeleteObjects: 0.021400 ms)

AssetImportParameters requested are different than current active one (requested -> active):
  custom:framework-win-MediaFoundation: 216162199b28c13a410421893ffa2e32 -> 
  custom:video-decoder-ogg-theora: a1e56fd34408186e4bbccfd4996cb3dc -> 
  custom:container-muxer-webm: aa71ff27fc2769a1b78a27578f13a17b -> 
  custom:container-demuxer-webm: 4f35f7cbe854078d1ac9338744f61a02 -> 
  custom:container-demuxer-ogg: 62fdf1f143b41e24485cea50d1cbac27 -> 
  custom:video-encoder-webm-vp8: eb34c28f22e8b96e1ab97ce403110664 -> 
  custom:video-decoder-webm-vp8: 9c59270c3fd7afecdb556c50c9e8de78 -> 
  custom:audio-decoder-ogg-vorbis: bf7c407c2cedff20999df2af8eb42d56 -> 
  custom:audio-encoder-webm-vorbis: bf7c407c2cedff20999df2af8eb42d56 -> 
========================================================================
Received Import Request.
  Time since last request: 24.599566 seconds.
  path: Assets/Prefabs/GUI/ChestSlot.prefab
  artifactKey: Guid(90ed553f720bd5348abfd845e64dec93) Importer(815301076,1909f56bfc062723c751e8b465ee728b)
Start importing Assets/Prefabs/GUI/ChestSlot.prefab using Guid(90ed553f720bd5348abfd845e64dec93) Importer(815301076,1909f56bfc062723c751e8b465ee728b)  -> (artifact id: '07e83f938e68cd798a02ac25fa6288a2') in 0.148763 seconds 
  Import took 0.154824 seconds .

========================================================================
Received Import Request.
  Time since last request: 0.826762 seconds.
  path: Assets/Prefabs/GUI/ChestSlot.prefab
  artifactKey: Guid(90ed553f720bd5348abfd845e64dec93) Importer(815301076,1909f56bfc062723c751e8b465ee728b)
Start importing Assets/Prefabs/GUI/ChestSlot.prefab using Guid(90ed553f720bd5348abfd845e64dec93) Importer(815301076,1909f56bfc062723c751e8b465ee728b)  -> (artifact id: '58d2357f02daf703d1234d3fce8c016c') in 0.049435 seconds 
  Import took 0.058511 seconds .

